

Started GET "/" for 127.0.0.1 at 2016-05-07 12:21:17 -0300
Processing by Rails::WelcomeController#index as HTML
  Rendered /home/osboxes/.rbenv/versions/2.2.3/lib/ruby/gems/2.2.0/gems/railties-4.2.0/lib/rails/templates/rails/welcome/index.html.erb (3.5ms)
Completed 200 OK in 134ms (Views: 70.0ms | ActiveRecord: 0.0ms)
  [1m[36m (5.2ms)[0m  [1mCREATE TABLE "schema_migrations" ("version" varchar NOT NULL) [0m
  [1m[35m (0.2ms)[0m  select sqlite_version(*)
  [1m[36m (4.3ms)[0m  [1mCREATE UNIQUE INDEX "unique_schema_migrations" ON "schema_migrations" ("version")[0m
  [1m[35mActiveRecord::SchemaMigration Load (0.1ms)[0m  SELECT "schema_migrations".* FROM "schema_migrations"
Migrating to CreateItems (20160507152329)
  [1m[36m (0.2ms)[0m  [1mbegin transaction[0m
  [1m[35m (0.1ms)[0m  rollback transaction
  [1m[36mActiveRecord::SchemaMigration Load (0.1ms)[0m  [1mSELECT "schema_migrations".* FROM "schema_migrations"[0m
Migrating to CreateItems (20160507152329)
  [1m[35m (0.2ms)[0m  begin transaction
  [1m[36m (1.4ms)[0m  [1mCREATE TABLE "items" ("id" INTEGER PRIMARY KEY AUTOINCREMENT NOT NULL, "title" varchar, "image_file_name" varchar, "image_content_type" varchar, "image_file_size" integer, "image_updated_at" datetime, "created_at" datetime NOT NULL, "updated_at" datetime NOT NULL) [0m
  [1m[35mSQL (0.8ms)[0m  INSERT INTO "schema_migrations" ("version") VALUES (?)  [["version", "20160507152329"]]
  [1m[36m (21.4ms)[0m  [1mcommit transaction[0m
  [1m[35mActiveRecord::SchemaMigration Load (0.1ms)[0m  SELECT "schema_migrations".* FROM "schema_migrations"
  [1m[36mActiveRecord::SchemaMigration Load (0.1ms)[0m  [1mSELECT "schema_migrations".* FROM "schema_migrations"[0m
Migrating to CreateCategories (20160507153350)
  [1m[35m (0.2ms)[0m  begin transaction
  [1m[36m (1.9ms)[0m  [1mCREATE TABLE "categories" ("id" INTEGER PRIMARY KEY AUTOINCREMENT NOT NULL, "name" varchar, "created_at" datetime NOT NULL, "updated_at" datetime NOT NULL) [0m
  [1m[35mSQL (0.4ms)[0m  INSERT INTO "schema_migrations" ("version") VALUES (?)  [["version", "20160507153350"]]
  [1m[36m (69.5ms)[0m  [1mcommit transaction[0m
  [1m[35mActiveRecord::SchemaMigration Load (0.1ms)[0m  SELECT "schema_migrations".* FROM "schema_migrations"


Started GET "/items" for 127.0.0.1 at 2016-05-07 12:35:17 -0300
  [1m[36mActiveRecord::SchemaMigration Load (0.3ms)[0m  [1mSELECT "schema_migrations".* FROM "schema_migrations"[0m
Processing by ItemsController#index as HTML
  [1m[35mItem Load (0.3ms)[0m  SELECT "items".* FROM "items"
  Rendered items/index.html.erb within layouts/application (7.5ms)
Completed 200 OK in 6547ms (Views: 6435.1ms | ActiveRecord: 0.5ms)


Started GET "/assets/scaffolds.self-6689cd17620784c7119899c6eadbf25ec27b6d2786383bda084bc2cbc5e110ef.css?body=1" for 127.0.0.1 at 2016-05-07 12:35:27 -0300


Started GET "/items/new" for 127.0.0.1 at 2016-05-07 12:35:35 -0300
Processing by ItemsController#new as HTML
  Rendered items/_form.html.erb (341.6ms)
  Rendered items/new.html.erb within layouts/application (399.8ms)
Completed 500 Internal Server Error in 427ms

ActionView::Template::Error (undefined method `image' for #<Item:0x007fbd20f50110>):
    17:   </div>
    18:   <div class="field">
    19:     <%= f.label :image %><br>
    20:     <%= f.text_field :image %>
    21:   </div>
    22:   <div class="actions">
    23:     <%= f.submit %>
  app/views/items/_form.html.erb:20:in `block in _app_views_items__form_html_erb__706172877090443784_70225131097800'
  app/views/items/_form.html.erb:1:in `_app_views_items__form_html_erb__706172877090443784_70225131097800'
  app/views/items/new.html.erb:3:in `_app_views_items_new_html_erb___2736579621433296969_70225137588460'


  Rendered /home/osboxes/.rbenv/versions/2.2.3/lib/ruby/gems/2.2.0/gems/actionpack-4.2.0/lib/action_dispatch/middleware/templates/rescues/_source.erb (13.1ms)
  Rendered /home/osboxes/.rbenv/versions/2.2.3/lib/ruby/gems/2.2.0/gems/actionpack-4.2.0/lib/action_dispatch/middleware/templates/rescues/_trace.html.erb (5.3ms)
  Rendered /home/osboxes/.rbenv/versions/2.2.3/lib/ruby/gems/2.2.0/gems/actionpack-4.2.0/lib/action_dispatch/middleware/templates/rescues/_request_and_response.html.erb (2.0ms)
  Rendered /home/osboxes/.rbenv/versions/2.2.3/lib/ruby/gems/2.2.0/gems/actionpack-4.2.0/lib/action_dispatch/middleware/templates/rescues/template_error.html.erb within rescues/layout (101.9ms)
  Rendered /home/osboxes/.rbenv/versions/2.2.3/lib/ruby/gems/2.2.0/gems/web-console-2.3.0/lib/web_console/templates/_markup.html.erb (0.8ms)
  Rendered /home/osboxes/.rbenv/versions/2.2.3/lib/ruby/gems/2.2.0/gems/web-console-2.3.0/lib/web_console/templates/_inner_console_markup.html.erb within layouts/inlined_string (0.9ms)
  Rendered /home/osboxes/.rbenv/versions/2.2.3/lib/ruby/gems/2.2.0/gems/web-console-2.3.0/lib/web_console/templates/_prompt_box_markup.html.erb within layouts/inlined_string (1.2ms)
  Rendered /home/osboxes/.rbenv/versions/2.2.3/lib/ruby/gems/2.2.0/gems/web-console-2.3.0/lib/web_console/templates/style.css.erb within layouts/inlined_string (0.9ms)
  Rendered /home/osboxes/.rbenv/versions/2.2.3/lib/ruby/gems/2.2.0/gems/web-console-2.3.0/lib/web_console/templates/console.js.erb within layouts/javascript (154.2ms)
  Rendered /home/osboxes/.rbenv/versions/2.2.3/lib/ruby/gems/2.2.0/gems/web-console-2.3.0/lib/web_console/templates/main.js.erb within layouts/javascript (0.7ms)
  Rendered /home/osboxes/.rbenv/versions/2.2.3/lib/ruby/gems/2.2.0/gems/web-console-2.3.0/lib/web_console/templates/error_page.js.erb within layouts/javascript (0.9ms)
  Rendered /home/osboxes/.rbenv/versions/2.2.3/lib/ruby/gems/2.2.0/gems/web-console-2.3.0/lib/web_console/templates/index.html.erb (223.7ms)


Started GET "/items/new" for 127.0.0.1 at 2016-05-07 12:35:37 -0300
Processing by ItemsController#new as HTML
  Rendered items/_form.html.erb (6.4ms)
  Rendered items/new.html.erb within layouts/application (8.4ms)
Completed 500 Internal Server Error in 42ms

ActionView::Template::Error (undefined method `image' for #<Item:0x007fbcfac3a280>):
    17:   </div>
    18:   <div class="field">
    19:     <%= f.label :image %><br>
    20:     <%= f.text_field :image %>
    21:   </div>
    22:   <div class="actions">
    23:     <%= f.submit %>
  app/views/items/_form.html.erb:20:in `block in _app_views_items__form_html_erb__706172877090443784_70224818857040'
  app/views/items/_form.html.erb:1:in `_app_views_items__form_html_erb__706172877090443784_70224818857040'
  app/views/items/new.html.erb:3:in `_app_views_items_new_html_erb___2736579621433296969_70224818848960'


  Rendered /home/osboxes/.rbenv/versions/2.2.3/lib/ruby/gems/2.2.0/gems/actionpack-4.2.0/lib/action_dispatch/middleware/templates/rescues/_source.erb (39.0ms)
  Rendered /home/osboxes/.rbenv/versions/2.2.3/lib/ruby/gems/2.2.0/gems/actionpack-4.2.0/lib/action_dispatch/middleware/templates/rescues/_trace.html.erb (5.1ms)
  Rendered /home/osboxes/.rbenv/versions/2.2.3/lib/ruby/gems/2.2.0/gems/actionpack-4.2.0/lib/action_dispatch/middleware/templates/rescues/_request_and_response.html.erb (1.7ms)
  Rendered /home/osboxes/.rbenv/versions/2.2.3/lib/ruby/gems/2.2.0/gems/actionpack-4.2.0/lib/action_dispatch/middleware/templates/rescues/template_error.html.erb within rescues/layout (152.0ms)
  Rendered /home/osboxes/.rbenv/versions/2.2.3/lib/ruby/gems/2.2.0/gems/web-console-2.3.0/lib/web_console/templates/_markup.html.erb (0.7ms)
  Rendered /home/osboxes/.rbenv/versions/2.2.3/lib/ruby/gems/2.2.0/gems/web-console-2.3.0/lib/web_console/templates/_inner_console_markup.html.erb within layouts/inlined_string (0.7ms)
  Rendered /home/osboxes/.rbenv/versions/2.2.3/lib/ruby/gems/2.2.0/gems/web-console-2.3.0/lib/web_console/templates/_prompt_box_markup.html.erb within layouts/inlined_string (0.5ms)
  Rendered /home/osboxes/.rbenv/versions/2.2.3/lib/ruby/gems/2.2.0/gems/web-console-2.3.0/lib/web_console/templates/style.css.erb within layouts/inlined_string (0.7ms)
  Rendered /home/osboxes/.rbenv/versions/2.2.3/lib/ruby/gems/2.2.0/gems/web-console-2.3.0/lib/web_console/templates/console.js.erb within layouts/javascript (65.6ms)
  Rendered /home/osboxes/.rbenv/versions/2.2.3/lib/ruby/gems/2.2.0/gems/web-console-2.3.0/lib/web_console/templates/main.js.erb within layouts/javascript (0.6ms)
  Rendered /home/osboxes/.rbenv/versions/2.2.3/lib/ruby/gems/2.2.0/gems/web-console-2.3.0/lib/web_console/templates/error_page.js.erb within layouts/javascript (0.7ms)
  Rendered /home/osboxes/.rbenv/versions/2.2.3/lib/ruby/gems/2.2.0/gems/web-console-2.3.0/lib/web_console/templates/index.html.erb (143.7ms)
  [1m[36mActiveRecord::SchemaMigration Load (0.2ms)[0m  [1mSELECT "schema_migrations".* FROM "schema_migrations"[0m
Migrating to AddPaperclipToItem (20160507153829)
  [1m[35m (0.2ms)[0m  begin transaction
  [1m[36mSQL (14.6ms)[0m  [1mINSERT INTO "schema_migrations" ("version") VALUES (?)[0m  [["version", "20160507153829"]]
  [1m[35m (30.2ms)[0m  commit transaction
  [1m[36mActiveRecord::SchemaMigration Load (0.1ms)[0m  [1mSELECT "schema_migrations".* FROM "schema_migrations"[0m
  [1m[36mActiveRecord::SchemaMigration Load (0.1ms)[0m  [1mSELECT "schema_migrations".* FROM "schema_migrations"[0m
  [1m[35mActiveRecord::SchemaMigration Load (0.2ms)[0m  SELECT "schema_migrations".* FROM "schema_migrations"


Started GET "/items/new" for 127.0.0.1 at 2016-05-07 12:46:19 -0300
  [1m[36mActiveRecord::SchemaMigration Load (0.3ms)[0m  [1mSELECT "schema_migrations".* FROM "schema_migrations"[0m
Processing by ItemsController#new as HTML
  Rendered items/_form.html.erb (157.7ms)
  Rendered items/new.html.erb within layouts/application (172.2ms)
Completed 200 OK in 1885ms (Views: 1734.4ms | ActiveRecord: 0.7ms)


Started POST "/items" for 127.0.0.1 at 2016-05-07 12:48:59 -0300
Processing by ItemsController#create as HTML
  Parameters: {"utf8"=>"✓", "authenticity_token"=>"T//jww3q3YnRZQVDj7GJCwftL4bJzMIkBWNbJo61RgfjJGN5DSW+QYhEA9BG2ki2TRMYx5OIFvU1R51YJqw9cQ==", "item"=>{"title"=>"Teste", "image"=>"/home/osboxes/Pictures/Screenshot from 2016-04-01 23:08:15.png"}, "commit"=>"Create Item"}
Completed 500 Internal Server Error in 21ms

Paperclip::AdapterRegistry::NoHandlerError (No handler found for "/home/osboxes/Pictures/Screenshot from 2016-04-01 23:08:15.png"):
  app/controllers/items_controller.rb:27:in `create'


  Rendered /home/osboxes/.rbenv/versions/2.2.3/lib/ruby/gems/2.2.0/gems/actionpack-4.2.0/lib/action_dispatch/middleware/templates/rescues/_source.erb (10.5ms)
  Rendered /home/osboxes/.rbenv/versions/2.2.3/lib/ruby/gems/2.2.0/gems/actionpack-4.2.0/lib/action_dispatch/middleware/templates/rescues/_trace.html.erb (5.2ms)
  Rendered /home/osboxes/.rbenv/versions/2.2.3/lib/ruby/gems/2.2.0/gems/actionpack-4.2.0/lib/action_dispatch/middleware/templates/rescues/_request_and_response.html.erb (2.0ms)
  Rendered /home/osboxes/.rbenv/versions/2.2.3/lib/ruby/gems/2.2.0/gems/actionpack-4.2.0/lib/action_dispatch/middleware/templates/rescues/diagnostics.html.erb within rescues/layout (140.7ms)
  Rendered /home/osboxes/.rbenv/versions/2.2.3/lib/ruby/gems/2.2.0/gems/web-console-2.3.0/lib/web_console/templates/_markup.html.erb (0.9ms)
  Rendered /home/osboxes/.rbenv/versions/2.2.3/lib/ruby/gems/2.2.0/gems/web-console-2.3.0/lib/web_console/templates/_inner_console_markup.html.erb within layouts/inlined_string (0.7ms)
  Rendered /home/osboxes/.rbenv/versions/2.2.3/lib/ruby/gems/2.2.0/gems/web-console-2.3.0/lib/web_console/templates/_prompt_box_markup.html.erb within layouts/inlined_string (0.7ms)
  Rendered /home/osboxes/.rbenv/versions/2.2.3/lib/ruby/gems/2.2.0/gems/web-console-2.3.0/lib/web_console/templates/style.css.erb within layouts/inlined_string (0.8ms)
  Rendered /home/osboxes/.rbenv/versions/2.2.3/lib/ruby/gems/2.2.0/gems/web-console-2.3.0/lib/web_console/templates/console.js.erb within layouts/javascript (100.0ms)
  Rendered /home/osboxes/.rbenv/versions/2.2.3/lib/ruby/gems/2.2.0/gems/web-console-2.3.0/lib/web_console/templates/main.js.erb within layouts/javascript (0.7ms)
  Rendered /home/osboxes/.rbenv/versions/2.2.3/lib/ruby/gems/2.2.0/gems/web-console-2.3.0/lib/web_console/templates/error_page.js.erb within layouts/javascript (1.0ms)
  Rendered /home/osboxes/.rbenv/versions/2.2.3/lib/ruby/gems/2.2.0/gems/web-console-2.3.0/lib/web_console/templates/index.html.erb (193.0ms)


Started GET "/items" for 127.0.0.1 at 2016-05-07 12:49:38 -0300
Processing by ItemsController#index as HTML
  [1m[35mItem Load (3.7ms)[0m  SELECT "items".* FROM "items"
  Rendered items/index.html.erb within layouts/application (6.5ms)
Completed 200 OK in 110ms (Views: 103.5ms | ActiveRecord: 3.7ms)
